Analysis & Synthesis report for processor
Tue Jun 26 10:07:37 2018
Quartus Prime Version 17.1.0 Build 590 10/25/2017 SJ Standard Edition


---------------------
; Table of Contents ;
---------------------
  1. Legal Notice
  2. Analysis & Synthesis Summary
  3. Analysis & Synthesis Settings
  4. Parallel Compilation
  5. Analysis & Synthesis Source Files Read
  6. Analysis & Synthesis Resource Usage Summary
  7. Analysis & Synthesis Resource Utilization by Entity
  8. Registers Removed During Synthesis
  9. Removed Registers Triggering Further Register Optimizations
 10. General Register Statistics
 11. Parameter Settings for User Entity Instance: Top-level Entity: |processor
 12. Parameter Settings for User Entity Instance: registerFactoryWithTriState:ulaResultRegister
 13. Parameter Settings for User Entity Instance: registerFactory:reg1
 14. Parameter Settings for User Entity Instance: registerFactory:reg2
 15. Parameter Settings for User Entity Instance: registerFactory:reg3
 16. Parameter Settings for User Entity Instance: registerFactory:reg4
 17. Parameter Settings for User Entity Instance: registerFactory:reg5
 18. Parameter Settings for User Entity Instance: registerFactory:reg6
 19. Parameter Settings for User Entity Instance: registerFactory:reg7
 20. Parameter Settings for User Entity Instance: registerFactory:reg8
 21. Port Connectivity Checks: "registerFactory:reg8"
 22. Port Connectivity Checks: "registerFactory:reg7"
 23. Port Connectivity Checks: "registerFactory:reg6"
 24. Port Connectivity Checks: "registerFactory:reg5"
 25. Port Connectivity Checks: "registerFactory:reg4"
 26. Port Connectivity Checks: "registerFactory:reg3"
 27. Port Connectivity Checks: "registerFactory:reg2"
 28. Port Connectivity Checks: "registerFactory:reg1"
 29. Port Connectivity Checks: "registerFactoryWithTriState:ulaResultRegister"
 30. Post-Synthesis Netlist Statistics for Top Partition
 31. Elapsed Time Per Partition
 32. Analysis & Synthesis Messages
 33. Analysis & Synthesis Suppressed Messages



----------------
; Legal Notice ;
----------------
Copyright (C) 2017  Intel Corporation. All rights reserved.
Your use of Intel Corporation's design tools, logic functions 
and other software and tools, and its AMPP partner logic 
functions, and any output files from any of the foregoing 
(including device programming or simulation files), and any 
associated documentation or information are expressly subject 
to the terms and conditions of the Intel Program License 
Subscription Agreement, the Intel Quartus Prime License Agreement,
the Intel FPGA IP License Agreement, or other applicable license
agreement, including, without limitation, that your use is for
the sole purpose of programming logic devices manufactured by
Intel and sold by Intel or its authorized distributors.  Please
refer to the applicable agreement for further details.



+-----------------------------------------------------------------------------------+
; Analysis & Synthesis Summary                                                      ;
+---------------------------------+-------------------------------------------------+
; Analysis & Synthesis Status     ; Successful - Tue Jun 26 10:07:37 2018           ;
; Quartus Prime Version           ; 17.1.0 Build 590 10/25/2017 SJ Standard Edition ;
; Revision Name                   ; processor                                       ;
; Top-level Entity Name           ; processor                                       ;
; Family                          ; Cyclone V                                       ;
; Logic utilization (in ALMs)     ; N/A                                             ;
; Total registers                 ; 18                                              ;
; Total pins                      ; 46                                              ;
; Total virtual pins              ; 0                                               ;
; Total block memory bits         ; 0                                               ;
; Total DSP Blocks                ; 0                                               ;
; Total HSSI RX PCSs              ; 0                                               ;
; Total HSSI PMA RX Deserializers ; 0                                               ;
; Total HSSI TX PCSs              ; 0                                               ;
; Total HSSI PMA TX Serializers   ; 0                                               ;
; Total PLLs                      ; 0                                               ;
; Total DLLs                      ; 0                                               ;
+---------------------------------+-------------------------------------------------+


+---------------------------------------------------------------------------------------------------------------------------+
; Analysis & Synthesis Settings                                                                                             ;
+---------------------------------------------------------------------------------+--------------------+--------------------+
; Option                                                                          ; Setting            ; Default Value      ;
+---------------------------------------------------------------------------------+--------------------+--------------------+
; Device                                                                          ; 5CSEMA5F31C6       ;                    ;
; Top-level entity name                                                           ; processor          ; processor          ;
; Family name                                                                     ; Cyclone V          ; Cyclone V          ;
; Use smart compilation                                                           ; Off                ; Off                ;
; Enable parallel Assembler and TimeQuest Timing Analyzer during compilation      ; On                 ; On                 ;
; Enable compact report table                                                     ; Off                ; Off                ;
; Restructure Multiplexers                                                        ; Auto               ; Auto               ;
; MLAB Add Timing Constraints For Mixed-Port Feed-Through Mode Setting Don't Care ; Off                ; Off                ;
; Create Debugging Nodes for IP Cores                                             ; Off                ; Off                ;
; Preserve fewer node names                                                       ; On                 ; On                 ;
; Intel FPGA IP Evaluation Mode                                                   ; Enable             ; Enable             ;
; Verilog Version                                                                 ; Verilog_2001       ; Verilog_2001       ;
; VHDL Version                                                                    ; VHDL_1993          ; VHDL_1993          ;
; State Machine Processing                                                        ; Auto               ; Auto               ;
; Safe State Machine                                                              ; Off                ; Off                ;
; Extract Verilog State Machines                                                  ; On                 ; On                 ;
; Extract VHDL State Machines                                                     ; On                 ; On                 ;
; Ignore Verilog initial constructs                                               ; Off                ; Off                ;
; Iteration limit for constant Verilog loops                                      ; 5000               ; 5000               ;
; Iteration limit for non-constant Verilog loops                                  ; 250                ; 250                ;
; Add Pass-Through Logic to Inferred RAMs                                         ; On                 ; On                 ;
; Infer RAMs from Raw Logic                                                       ; On                 ; On                 ;
; Parallel Synthesis                                                              ; On                 ; On                 ;
; DSP Block Balancing                                                             ; Auto               ; Auto               ;
; NOT Gate Push-Back                                                              ; On                 ; On                 ;
; Power-Up Don't Care                                                             ; On                 ; On                 ;
; Remove Redundant Logic Cells                                                    ; Off                ; Off                ;
; Remove Duplicate Registers                                                      ; On                 ; On                 ;
; Ignore CARRY Buffers                                                            ; Off                ; Off                ;
; Ignore CASCADE Buffers                                                          ; Off                ; Off                ;
; Ignore GLOBAL Buffers                                                           ; Off                ; Off                ;
; Ignore ROW GLOBAL Buffers                                                       ; Off                ; Off                ;
; Ignore LCELL Buffers                                                            ; Off                ; Off                ;
; Ignore SOFT Buffers                                                             ; On                 ; On                 ;
; Limit AHDL Integers to 32 Bits                                                  ; Off                ; Off                ;
; Optimization Technique                                                          ; Balanced           ; Balanced           ;
; Carry Chain Length                                                              ; 70                 ; 70                 ;
; Auto Carry Chains                                                               ; On                 ; On                 ;
; Auto Open-Drain Pins                                                            ; On                 ; On                 ;
; Perform WYSIWYG Primitive Resynthesis                                           ; Off                ; Off                ;
; Auto ROM Replacement                                                            ; On                 ; On                 ;
; Auto RAM Replacement                                                            ; On                 ; On                 ;
; Auto DSP Block Replacement                                                      ; On                 ; On                 ;
; Auto Shift Register Replacement                                                 ; Auto               ; Auto               ;
; Allow Shift Register Merging across Hierarchies                                 ; Auto               ; Auto               ;
; Auto Clock Enable Replacement                                                   ; On                 ; On                 ;
; Strict RAM Replacement                                                          ; Off                ; Off                ;
; Allow Synchronous Control Signals                                               ; On                 ; On                 ;
; Force Use of Synchronous Clear Signals                                          ; Off                ; Off                ;
; Auto Resource Sharing                                                           ; Off                ; Off                ;
; Allow Any RAM Size For Recognition                                              ; Off                ; Off                ;
; Allow Any ROM Size For Recognition                                              ; Off                ; Off                ;
; Allow Any Shift Register Size For Recognition                                   ; Off                ; Off                ;
; Use LogicLock Constraints during Resource Balancing                             ; On                 ; On                 ;
; Ignore translate_off and synthesis_off directives                               ; Off                ; Off                ;
; Timing-Driven Synthesis                                                         ; On                 ; On                 ;
; Report Parameter Settings                                                       ; On                 ; On                 ;
; Report Source Assignments                                                       ; On                 ; On                 ;
; Report Connectivity Checks                                                      ; On                 ; On                 ;
; Ignore Maximum Fan-Out Assignments                                              ; Off                ; Off                ;
; Synchronization Register Chain Length                                           ; 3                  ; 3                  ;
; Power Optimization During Synthesis                                             ; Normal compilation ; Normal compilation ;
; HDL message level                                                               ; Level2             ; Level2             ;
; Suppress Register Optimization Related Messages                                 ; Off                ; Off                ;
; Number of Removed Registers Reported in Synthesis Report                        ; 5000               ; 5000               ;
; Number of Swept Nodes Reported in Synthesis Report                              ; 5000               ; 5000               ;
; Number of Inverted Registers Reported in Synthesis Report                       ; 100                ; 100                ;
; Clock MUX Protection                                                            ; On                 ; On                 ;
; Auto Gated Clock Conversion                                                     ; Off                ; Off                ;
; Block Design Naming                                                             ; Auto               ; Auto               ;
; SDC constraint protection                                                       ; Off                ; Off                ;
; Synthesis Effort                                                                ; Auto               ; Auto               ;
; Shift Register Replacement - Allow Asynchronous Clear Signal                    ; On                 ; On                 ;
; Pre-Mapping Resynthesis Optimization                                            ; Off                ; Off                ;
; Analysis & Synthesis Message Level                                              ; Medium             ; Medium             ;
; Disable Register Merging Across Hierarchies                                     ; Auto               ; Auto               ;
; Resource Aware Inference For Block RAM                                          ; On                 ; On                 ;
; Automatic Parallel Synthesis                                                    ; On                 ; On                 ;
; Partial Reconfiguration Bitstream ID                                            ; Off                ; Off                ;
+---------------------------------------------------------------------------------+--------------------+--------------------+


+------------------------------------------+
; Parallel Compilation                     ;
+----------------------------+-------------+
; Processors                 ; Number      ;
+----------------------------+-------------+
; Number detected on machine ; 8           ;
; Maximum allowed            ; 4           ;
;                            ;             ;
; Average used               ; 1.00        ;
; Maximum used               ; 1           ;
;                            ;             ;
; Usage by Processor         ; % Time Used ;
;     Processor 1            ; 100.0%      ;
+----------------------------+-------------+


+---------------------------------------------------------------------------------------------------------------------------------------------------------------+
; Analysis & Synthesis Source Files Read                                                                                                                        ;
+----------------------------------+-----------------+------------------------------+-----------------------------------------------------------------+---------+
; File Name with User-Entered Path ; Used in Netlist ; File Type                    ; File Name with Absolute Path                                    ; Library ;
+----------------------------------+-----------------+------------------------------+-----------------------------------------------------------------+---------+
; processor.sv                     ; yes             ; User SystemVerilog HDL File  ; /home/assert/ProcessadorDidatico/processor.sv                   ;         ;
; registerFactory.sv               ; yes             ; User SystemVerilog HDL File  ; /home/assert/ProcessadorDidatico/registerFactory.sv             ;         ;
; registerFactoryWithTriState.sv   ; yes             ; User SystemVerilog HDL File  ; /home/assert/ProcessadorDidatico/registerFactoryWithTriState.sv ;         ;
+----------------------------------+-----------------+------------------------------+-----------------------------------------------------------------+---------+


+-----------------------------------------------------------+
; Analysis & Synthesis Resource Usage Summary               ;
+---------------------------------------------+-------------+
; Resource                                    ; Usage       ;
+---------------------------------------------+-------------+
; Estimate of Logic utilization (ALMs needed) ; 11          ;
;                                             ;             ;
; Combinational ALUT usage for logic          ; 9           ;
;     -- 7 input functions                    ; 0           ;
;     -- 6 input functions                    ; 0           ;
;     -- 5 input functions                    ; 0           ;
;     -- 4 input functions                    ; 0           ;
;     -- <=3 input functions                  ; 9           ;
;                                             ;             ;
; Dedicated logic registers                   ; 18          ;
;                                             ;             ;
; I/O pins                                    ; 46          ;
;                                             ;             ;
; Total DSP Blocks                            ; 0           ;
;                                             ;             ;
; Maximum fan-out node                        ; clock~input ;
; Maximum fan-out                             ; 18          ;
; Total fan-out                               ; 91          ;
; Average fan-out                             ; 0.76        ;
+---------------------------------------------+-------------+


+---------------------------------------------------------------------------------------------------------------------------------------------------------------------------------------------------------------------------------------------------------------------+
; Analysis & Synthesis Resource Utilization by Entity                                                                                                                                                                                                                 ;
+----------------------------------------------------+---------------------+---------------------------+-------------------+------------+------+--------------+----------------------------------------------------------+-----------------------------+--------------+
; Compilation Hierarchy Node                         ; Combinational ALUTs ; Dedicated Logic Registers ; Block Memory Bits ; DSP Blocks ; Pins ; Virtual Pins ; Full Hierarchy Name                                      ; Entity Name                 ; Library Name ;
+----------------------------------------------------+---------------------+---------------------------+-------------------+------------+------+--------------+----------------------------------------------------------+-----------------------------+--------------+
; |processor                                         ; 9 (9)               ; 18 (0)                    ; 0                 ; 0          ; 46   ; 0            ; |processor                                               ; processor                   ; work         ;
;    |registerFactoryWithTriState:ulaResultRegister| ; 0 (0)               ; 18 (18)                   ; 0                 ; 0          ; 0    ; 0            ; |processor|registerFactoryWithTriState:ulaResultRegister ; registerFactoryWithTriState ; work         ;
+----------------------------------------------------+---------------------+---------------------------+-------------------+------------+------+--------------+----------------------------------------------------------+-----------------------------+--------------+
Note: For table entries with two numbers listed, the numbers in parentheses indicate the number of resources of the given type used by the specific entity alone. The numbers listed outside of parentheses indicate the total resources of the given type used by the specific entity and all of its sub-entities in the hierarchy.


+--------------------------------------------------------------------------------------+
; Registers Removed During Synthesis                                                   ;
+----------------------------------------+---------------------------------------------+
; Register name                          ; Reason for Removal                          ;
+----------------------------------------+---------------------------------------------+
; BusWires[0]~en                         ; Stuck at GND due to stuck port data_in      ;
; BusWires[1]~en                         ; Stuck at GND due to stuck port data_in      ;
; BusWires[2]~en                         ; Stuck at GND due to stuck port data_in      ;
; BusWires[3]~en                         ; Stuck at GND due to stuck port data_in      ;
; BusWires[4]~en                         ; Stuck at GND due to stuck port data_in      ;
; BusWires[5]~en                         ; Stuck at GND due to stuck port data_in      ;
; BusWires[6]~en                         ; Stuck at GND due to stuck port data_in      ;
; BusWires[7]~en                         ; Stuck at GND due to stuck port data_in      ;
; BusWires[8]~en                         ; Stuck at GND due to stuck port data_in      ;
; registerFactory:reg8|dataOut[0..8]     ; Stuck at GND due to stuck port clock_enable ;
; registerFactory:reg7|dataOut[0..8]     ; Stuck at GND due to stuck port clock_enable ;
; registerFactory:reg6|dataOut[0..8]     ; Stuck at GND due to stuck port clock_enable ;
; registerFactory:reg5|dataOut[0..8]     ; Stuck at GND due to stuck port clock_enable ;
; registerFactory:reg4|dataOut[0..8]     ; Stuck at GND due to stuck port clock_enable ;
; registerFactory:reg3|dataOut[0..8]     ; Stuck at GND due to stuck port clock_enable ;
; registerFactory:reg2|dataOut[0..8]     ; Stuck at GND due to stuck port clock_enable ;
; registerFactory:reg1|dataOut[0..8]     ; Stuck at GND due to stuck port clock_enable ;
; BusWires[0]~reg0                       ; Stuck at GND due to stuck port data_in      ;
; BusWires[8]~reg0                       ; Stuck at GND due to stuck port data_in      ;
; BusWires[7]~reg0                       ; Stuck at GND due to stuck port data_in      ;
; BusWires[6]~reg0                       ; Stuck at GND due to stuck port data_in      ;
; BusWires[5]~reg0                       ; Stuck at GND due to stuck port data_in      ;
; BusWires[4]~reg0                       ; Stuck at GND due to stuck port data_in      ;
; BusWires[3]~reg0                       ; Stuck at GND due to stuck port data_in      ;
; BusWires[2]~reg0                       ; Stuck at GND due to stuck port data_in      ;
; BusWires[1]~reg0                       ; Stuck at GND due to stuck port data_in      ;
; Total Number of Removed Registers = 90 ;                                             ;
+----------------------------------------+---------------------------------------------+


+-----------------------------------------------------------------------------------------------------------+
; Removed Registers Triggering Further Register Optimizations                                               ;
+---------------------------------+--------------------------------+----------------------------------------+
; Register name                   ; Reason for Removal             ; Registers Removed due to This Register ;
+---------------------------------+--------------------------------+----------------------------------------+
; registerFactory:reg8|dataOut[0] ; Stuck at GND                   ; BusWires[0]~reg0                       ;
;                                 ; due to stuck port clock_enable ;                                        ;
; registerFactory:reg8|dataOut[1] ; Stuck at GND                   ; BusWires[1]~reg0                       ;
;                                 ; due to stuck port clock_enable ;                                        ;
; registerFactory:reg8|dataOut[2] ; Stuck at GND                   ; BusWires[2]~reg0                       ;
;                                 ; due to stuck port clock_enable ;                                        ;
; registerFactory:reg8|dataOut[3] ; Stuck at GND                   ; BusWires[3]~reg0                       ;
;                                 ; due to stuck port clock_enable ;                                        ;
; registerFactory:reg8|dataOut[4] ; Stuck at GND                   ; BusWires[4]~reg0                       ;
;                                 ; due to stuck port clock_enable ;                                        ;
; registerFactory:reg8|dataOut[5] ; Stuck at GND                   ; BusWires[5]~reg0                       ;
;                                 ; due to stuck port clock_enable ;                                        ;
; registerFactory:reg8|dataOut[6] ; Stuck at GND                   ; BusWires[6]~reg0                       ;
;                                 ; due to stuck port clock_enable ;                                        ;
; registerFactory:reg8|dataOut[7] ; Stuck at GND                   ; BusWires[7]~reg0                       ;
;                                 ; due to stuck port clock_enable ;                                        ;
; registerFactory:reg8|dataOut[8] ; Stuck at GND                   ; BusWires[8]~reg0                       ;
;                                 ; due to stuck port clock_enable ;                                        ;
+---------------------------------+--------------------------------+----------------------------------------+


+------------------------------------------------------+
; General Register Statistics                          ;
+----------------------------------------------+-------+
; Statistic                                    ; Value ;
+----------------------------------------------+-------+
; Total registers                              ; 18    ;
; Number of registers using Synchronous Clear  ; 0     ;
; Number of registers using Synchronous Load   ; 0     ;
; Number of registers using Asynchronous Clear ; 0     ;
; Number of registers using Asynchronous Load  ; 0     ;
; Number of registers using Clock Enable       ; 0     ;
; Number of registers using Preset             ; 0     ;
+----------------------------------------------+-------+


+---------------------------------------------------------------------------+
; Parameter Settings for User Entity Instance: Top-level Entity: |processor ;
+----------------+-------+--------------------------------------------------+
; Parameter Name ; Value ; Type                                             ;
+----------------+-------+--------------------------------------------------+
; dataWidth      ; 9     ; Signed Integer                                   ;
+----------------+-------+--------------------------------------------------+
Note: In order to hide this table in the UI and the text report file, please set the "Show Parameter Settings in Synthesis Report" option in "Analysis and Synthesis Settings -> More Settings" to "Off".


+--------------------------------------------------------------------------------------------+
; Parameter Settings for User Entity Instance: registerFactoryWithTriState:ulaResultRegister ;
+----------------+-------+-------------------------------------------------------------------+
; Parameter Name ; Value ; Type                                                              ;
+----------------+-------+-------------------------------------------------------------------+
; dataWidth      ; 9     ; Signed Integer                                                    ;
+----------------+-------+-------------------------------------------------------------------+
Note: In order to hide this table in the UI and the text report file, please set the "Show Parameter Settings in Synthesis Report" option in "Analysis and Synthesis Settings -> More Settings" to "Off".


+-------------------------------------------------------------------+
; Parameter Settings for User Entity Instance: registerFactory:reg1 ;
+----------------+-------+------------------------------------------+
; Parameter Name ; Value ; Type                                     ;
+----------------+-------+------------------------------------------+
; dataWidth      ; 9     ; Signed Integer                           ;
+----------------+-------+------------------------------------------+
Note: In order to hide this table in the UI and the text report file, please set the "Show Parameter Settings in Synthesis Report" option in "Analysis and Synthesis Settings -> More Settings" to "Off".


+-------------------------------------------------------------------+
; Parameter Settings for User Entity Instance: registerFactory:reg2 ;
+----------------+-------+------------------------------------------+
; Parameter Name ; Value ; Type                                     ;
+----------------+-------+------------------------------------------+
; dataWidth      ; 9     ; Signed Integer                           ;
+----------------+-------+------------------------------------------+
Note: In order to hide this table in the UI and the text report file, please set the "Show Parameter Settings in Synthesis Report" option in "Analysis and Synthesis Settings -> More Settings" to "Off".


+-------------------------------------------------------------------+
; Parameter Settings for User Entity Instance: registerFactory:reg3 ;
+----------------+-------+------------------------------------------+
; Parameter Name ; Value ; Type                                     ;
+----------------+-------+------------------------------------------+
; dataWidth      ; 9     ; Signed Integer                           ;
+----------------+-------+------------------------------------------+
Note: In order to hide this table in the UI and the text report file, please set the "Show Parameter Settings in Synthesis Report" option in "Analysis and Synthesis Settings -> More Settings" to "Off".


+-------------------------------------------------------------------+
; Parameter Settings for User Entity Instance: registerFactory:reg4 ;
+----------------+-------+------------------------------------------+
; Parameter Name ; Value ; Type                                     ;
+----------------+-------+------------------------------------------+
; dataWidth      ; 9     ; Signed Integer                           ;
+----------------+-------+------------------------------------------+
Note: In order to hide this table in the UI and the text report file, please set the "Show Parameter Settings in Synthesis Report" option in "Analysis and Synthesis Settings -> More Settings" to "Off".


+-------------------------------------------------------------------+
; Parameter Settings for User Entity Instance: registerFactory:reg5 ;
+----------------+-------+------------------------------------------+
; Parameter Name ; Value ; Type                                     ;
+----------------+-------+------------------------------------------+
; dataWidth      ; 9     ; Signed Integer                           ;
+----------------+-------+------------------------------------------+
Note: In order to hide this table in the UI and the text report file, please set the "Show Parameter Settings in Synthesis Report" option in "Analysis and Synthesis Settings -> More Settings" to "Off".


+-------------------------------------------------------------------+
; Parameter Settings for User Entity Instance: registerFactory:reg6 ;
+----------------+-------+------------------------------------------+
; Parameter Name ; Value ; Type                                     ;
+----------------+-------+------------------------------------------+
; dataWidth      ; 9     ; Signed Integer                           ;
+----------------+-------+------------------------------------------+
Note: In order to hide this table in the UI and the text report file, please set the "Show Parameter Settings in Synthesis Report" option in "Analysis and Synthesis Settings -> More Settings" to "Off".


+-------------------------------------------------------------------+
; Parameter Settings for User Entity Instance: registerFactory:reg7 ;
+----------------+-------+------------------------------------------+
; Parameter Name ; Value ; Type                                     ;
+----------------+-------+------------------------------------------+
; dataWidth      ; 9     ; Signed Integer                           ;
+----------------+-------+------------------------------------------+
Note: In order to hide this table in the UI and the text report file, please set the "Show Parameter Settings in Synthesis Report" option in "Analysis and Synthesis Settings -> More Settings" to "Off".


+-------------------------------------------------------------------+
; Parameter Settings for User Entity Instance: registerFactory:reg8 ;
+----------------+-------+------------------------------------------+
; Parameter Name ; Value ; Type                                     ;
+----------------+-------+------------------------------------------+
; dataWidth      ; 9     ; Signed Integer                           ;
+----------------+-------+------------------------------------------+
Note: In order to hide this table in the UI and the text report file, please set the "Show Parameter Settings in Synthesis Report" option in "Analysis and Synthesis Settings -> More Settings" to "Off".


+--------------------------------------------------+
; Port Connectivity Checks: "registerFactory:reg8" ;
+----------------+-------+----------+--------------+
; Port           ; Type  ; Severity ; Details      ;
+----------------+-------+----------+--------------+
; registerEnable ; Input ; Info     ; Stuck at GND ;
+----------------+-------+----------+--------------+


+--------------------------------------------------+
; Port Connectivity Checks: "registerFactory:reg7" ;
+----------------+-------+----------+--------------+
; Port           ; Type  ; Severity ; Details      ;
+----------------+-------+----------+--------------+
; registerEnable ; Input ; Info     ; Stuck at GND ;
+----------------+-------+----------+--------------+


+--------------------------------------------------+
; Port Connectivity Checks: "registerFactory:reg6" ;
+----------------+-------+----------+--------------+
; Port           ; Type  ; Severity ; Details      ;
+----------------+-------+----------+--------------+
; registerEnable ; Input ; Info     ; Stuck at GND ;
+----------------+-------+----------+--------------+


+--------------------------------------------------+
; Port Connectivity Checks: "registerFactory:reg5" ;
+----------------+-------+----------+--------------+
; Port           ; Type  ; Severity ; Details      ;
+----------------+-------+----------+--------------+
; registerEnable ; Input ; Info     ; Stuck at GND ;
+----------------+-------+----------+--------------+


+--------------------------------------------------+
; Port Connectivity Checks: "registerFactory:reg4" ;
+----------------+-------+----------+--------------+
; Port           ; Type  ; Severity ; Details      ;
+----------------+-------+----------+--------------+
; registerEnable ; Input ; Info     ; Stuck at GND ;
+----------------+-------+----------+--------------+


+--------------------------------------------------+
; Port Connectivity Checks: "registerFactory:reg3" ;
+----------------+-------+----------+--------------+
; Port           ; Type  ; Severity ; Details      ;
+----------------+-------+----------+--------------+
; registerEnable ; Input ; Info     ; Stuck at GND ;
+----------------+-------+----------+--------------+


+--------------------------------------------------+
; Port Connectivity Checks: "registerFactory:reg2" ;
+----------------+-------+----------+--------------+
; Port           ; Type  ; Severity ; Details      ;
+----------------+-------+----------+--------------+
; registerEnable ; Input ; Info     ; Stuck at GND ;
+----------------+-------+----------+--------------+


+--------------------------------------------------+
; Port Connectivity Checks: "registerFactory:reg1" ;
+----------------+-------+----------+--------------+
; Port           ; Type  ; Severity ; Details      ;
+----------------+-------+----------+--------------+
; registerEnable ; Input ; Info     ; Stuck at GND ;
+----------------+-------+----------+--------------+


+---------------------------------------------------------------------------+
; Port Connectivity Checks: "registerFactoryWithTriState:ulaResultRegister" ;
+----------------+-------+----------+---------------------------------------+
; Port           ; Type  ; Severity ; Details                               ;
+----------------+-------+----------+---------------------------------------+
; registerEnable ; Input ; Info     ; Stuck at VCC                          ;
+----------------+-------+----------+---------------------------------------+


+-----------------------------------------------------+
; Post-Synthesis Netlist Statistics for Top Partition ;
+-----------------------+-----------------------------+
; Type                  ; Count                       ;
+-----------------------+-----------------------------+
; arriav_ff             ; 18                          ;
;     plain             ; 18                          ;
; arriav_io_obuf        ; 18                          ;
; arriav_lcell_comb     ; 1                           ;
;     normal            ; 1                           ;
;         0 data inputs ; 1                           ;
; boundary_port         ; 55                          ;
;                       ;                             ;
; Max LUT depth         ; 0.00                        ;
; Average LUT depth     ; 0.00                        ;
+-----------------------+-----------------------------+


+-------------------------------+
; Elapsed Time Per Partition    ;
+----------------+--------------+
; Partition Name ; Elapsed Time ;
+----------------+--------------+
; Top            ; 00:00:00     ;
+----------------+--------------+


+-------------------------------+
; Analysis & Synthesis Messages ;
+-------------------------------+
Info: *******************************************************************
Info: Running Quartus Prime Analysis & Synthesis
    Info: Version 17.1.0 Build 590 10/25/2017 SJ Standard Edition
    Info: Processing started: Tue Jun 26 10:07:28 2018
Info: Command: quartus_map --read_settings_files=on --write_settings_files=off processor -c processor
Warning (18236): Number of processors has not been specified which may cause overloading on shared machines.  Set the global assignment NUM_PARALLEL_PROCESSORS in your QSF to an appropriate value for best performance.
Info (20030): Parallel compilation is enabled and will use 4 of the 4 processors detected
Info (12021): Found 1 design units, including 1 entities, in source file processor.sv
    Info (12023): Found entity 1: processor File: /home/assert/ProcessadorDidatico/processor.sv Line: 1
Info (12021): Found 1 design units, including 1 entities, in source file registerFactory.sv
    Info (12023): Found entity 1: registerFactory File: /home/assert/ProcessadorDidatico/registerFactory.sv Line: 1
Info (12021): Found 1 design units, including 1 entities, in source file registerFactoryWithTriState.sv
    Info (12023): Found entity 1: registerFactoryWithTriState File: /home/assert/ProcessadorDidatico/registerFactoryWithTriState.sv Line: 1
Info (12021): Found 1 design units, including 1 entities, in source file ControlUnit.sv
    Info (12023): Found entity 1: controlUnit File: /home/assert/ProcessadorDidatico/ControlUnit.sv Line: 1
Info (12127): Elaborating entity "processor" for the top level hierarchy
Warning (10034): Output port "Done" at processor.sv(1) has no driver File: /home/assert/ProcessadorDidatico/processor.sv Line: 1
Info (12128): Elaborating entity "registerFactoryWithTriState" for hierarchy "registerFactoryWithTriState:ulaResultRegister" File: /home/assert/ProcessadorDidatico/processor.sv Line: 19
Info (12128): Elaborating entity "registerFactory" for hierarchy "registerFactory:reg1" File: /home/assert/ProcessadorDidatico/processor.sv Line: 21
Warning (13039): The following bidirectional pins have no drivers
    Warning (13040): bidirectional pin "global.bp.work.work.mux8To1.outMux_8_" has no driver
    Warning (13040): bidirectional pin "global.bp.work.work.mux8To1.outMux_7_" has no driver
    Warning (13040): bidirectional pin "global.bp.work.work.mux8To1.outMux_6_" has no driver
    Warning (13040): bidirectional pin "global.bp.work.work.mux8To1.outMux_5_" has no driver
    Warning (13040): bidirectional pin "global.bp.work.work.mux8To1.outMux_4_" has no driver
    Warning (13040): bidirectional pin "global.bp.work.work.mux8To1.outMux_3_" has no driver
    Warning (13040): bidirectional pin "global.bp.work.work.mux8To1.outMux_2_" has no driver
    Warning (13040): bidirectional pin "global.bp.work.work.mux8To1.outMux_1_" has no driver
    Warning (13040): bidirectional pin "global.bp.work.work.mux8To1.outMux_0_" has no driver
Warning (13027): Removed fan-outs from the following always-disabled I/O buffers
    Warning (13028): Removed fan-out from the always-disabled I/O buffer "BusWires[0]" to the node "BusWires[0]" File: /home/assert/ProcessadorDidatico/processor.sv Line: 30
    Warning (13028): Removed fan-out from the always-disabled I/O buffer "BusWires[1]" to the node "BusWires[1]" File: /home/assert/ProcessadorDidatico/processor.sv Line: 30
    Warning (13028): Removed fan-out from the always-disabled I/O buffer "BusWires[2]" to the node "BusWires[2]" File: /home/assert/ProcessadorDidatico/processor.sv Line: 30
    Warning (13028): Removed fan-out from the always-disabled I/O buffer "BusWires[3]" to the node "BusWires[3]" File: /home/assert/ProcessadorDidatico/processor.sv Line: 30
    Warning (13028): Removed fan-out from the always-disabled I/O buffer "BusWires[4]" to the node "BusWires[4]" File: /home/assert/ProcessadorDidatico/processor.sv Line: 30
    Warning (13028): Removed fan-out from the always-disabled I/O buffer "BusWires[5]" to the node "BusWires[5]" File: /home/assert/ProcessadorDidatico/processor.sv Line: 30
    Warning (13028): Removed fan-out from the always-disabled I/O buffer "BusWires[6]" to the node "BusWires[6]" File: /home/assert/ProcessadorDidatico/processor.sv Line: 30
    Warning (13028): Removed fan-out from the always-disabled I/O buffer "BusWires[7]" to the node "BusWires[7]" File: /home/assert/ProcessadorDidatico/processor.sv Line: 30
    Warning (13028): Removed fan-out from the always-disabled I/O buffer "BusWires[8]" to the node "BusWires[8]" File: /home/assert/ProcessadorDidatico/processor.sv Line: 30
Warning (13024): Output pins are stuck at VCC or GND
    Warning (13410): Pin "Done" is stuck at GND File: /home/assert/ProcessadorDidatico/processor.sv Line: 1
Info (286030): Timing-Driven Synthesis is running
Info (144001): Generated suppressed messages file /home/assert/ProcessadorDidatico/output_files/processor.map.smsg
Info (35026): Attempting to remove 9 I/O cell(s) that do not connect to top-level pins or have illegal connectivity
    Info (35027): Removed I/O cell "global.bp.work.work.mux8To1.outMux_8_~output"
    Info (35027): Removed I/O cell "global.bp.work.work.mux8To1.outMux_7_~output"
    Info (35027): Removed I/O cell "global.bp.work.work.mux8To1.outMux_6_~output"
    Info (35027): Removed I/O cell "global.bp.work.work.mux8To1.outMux_5_~output"
    Info (35027): Removed I/O cell "global.bp.work.work.mux8To1.outMux_4_~output"
    Info (35027): Removed I/O cell "global.bp.work.work.mux8To1.outMux_3_~output"
    Info (35027): Removed I/O cell "global.bp.work.work.mux8To1.outMux_2_~output"
    Info (35027): Removed I/O cell "global.bp.work.work.mux8To1.outMux_1_~output"
    Info (35027): Removed I/O cell "global.bp.work.work.mux8To1.outMux_0_~output"
Info (16010): Generating hard_block partition "hard_block:auto_generated_inst"
    Info (16011): Adding 0 node(s), including 0 DDIO, 0 PLL, 0 transceiver and 0 LCELL
Warning (21074): Design contains 26 input pin(s) that do not drive logic
    Warning (15610): No output dependent on input pin "DataAndInstructionInput[0]" File: /home/assert/ProcessadorDidatico/processor.sv Line: 1
    Warning (15610): No output dependent on input pin "DataAndInstructionInput[1]" File: /home/assert/ProcessadorDidatico/processor.sv Line: 1
    Warning (15610): No output dependent on input pin "DataAndInstructionInput[2]" File: /home/assert/ProcessadorDidatico/processor.sv Line: 1
    Warning (15610): No output dependent on input pin "DataAndInstructionInput[3]" File: /home/assert/ProcessadorDidatico/processor.sv Line: 1
    Warning (15610): No output dependent on input pin "DataAndInstructionInput[4]" File: /home/assert/ProcessadorDidatico/processor.sv Line: 1
    Warning (15610): No output dependent on input pin "DataAndInstructionInput[5]" File: /home/assert/ProcessadorDidatico/processor.sv Line: 1
    Warning (15610): No output dependent on input pin "DataAndInstructionInput[6]" File: /home/assert/ProcessadorDidatico/processor.sv Line: 1
    Warning (15610): No output dependent on input pin "DataAndInstructionInput[7]" File: /home/assert/ProcessadorDidatico/processor.sv Line: 1
    Warning (15610): No output dependent on input pin "DataAndInstructionInput[8]" File: /home/assert/ProcessadorDidatico/processor.sv Line: 1
    Warning (15610): No output dependent on input pin "resetn" File: /home/assert/ProcessadorDidatico/processor.sv Line: 1
    Warning (15610): No output dependent on input pin "Run" File: /home/assert/ProcessadorDidatico/processor.sv Line: 1
    Warning (15610): No output dependent on input pin "selectionMuxInput[0]" File: /home/assert/ProcessadorDidatico/processor.sv Line: 1
    Warning (15610): No output dependent on input pin "selectionMuxInput[1]" File: /home/assert/ProcessadorDidatico/processor.sv Line: 1
    Warning (15610): No output dependent on input pin "selectionMuxInput[2]" File: /home/assert/ProcessadorDidatico/processor.sv Line: 1
    Warning (15610): No output dependent on input pin "writeInRegister[0]" File: /home/assert/ProcessadorDidatico/processor.sv Line: 1
    Warning (15610): No output dependent on input pin "writeInRegister[1]" File: /home/assert/ProcessadorDidatico/processor.sv Line: 1
    Warning (15610): No output dependent on input pin "writeInRegister[2]" File: /home/assert/ProcessadorDidatico/processor.sv Line: 1
    Warning (15610): No output dependent on input pin "a[0]" File: /home/assert/ProcessadorDidatico/processor.sv Line: 1
    Warning (15610): No output dependent on input pin "a[1]" File: /home/assert/ProcessadorDidatico/processor.sv Line: 1
    Warning (15610): No output dependent on input pin "a[2]" File: /home/assert/ProcessadorDidatico/processor.sv Line: 1
    Warning (15610): No output dependent on input pin "a[3]" File: /home/assert/ProcessadorDidatico/processor.sv Line: 1
    Warning (15610): No output dependent on input pin "a[4]" File: /home/assert/ProcessadorDidatico/processor.sv Line: 1
    Warning (15610): No output dependent on input pin "a[5]" File: /home/assert/ProcessadorDidatico/processor.sv Line: 1
    Warning (15610): No output dependent on input pin "a[6]" File: /home/assert/ProcessadorDidatico/processor.sv Line: 1
    Warning (15610): No output dependent on input pin "a[7]" File: /home/assert/ProcessadorDidatico/processor.sv Line: 1
    Warning (15610): No output dependent on input pin "a[8]" File: /home/assert/ProcessadorDidatico/processor.sv Line: 1
Info (21057): Implemented 73 device resources after synthesis - the final resource count might be different
    Info (21058): Implemented 36 input pins
    Info (21059): Implemented 10 output pins
    Info (21061): Implemented 27 logic cells
Info: Quartus Prime Analysis & Synthesis was successful. 0 errors, 51 warnings
    Info: Peak virtual memory: 1035 megabytes
    Info: Processing ended: Tue Jun 26 10:07:37 2018
    Info: Elapsed time: 00:00:09
    Info: Total CPU time (on all processors): 00:00:20


+------------------------------------------+
; Analysis & Synthesis Suppressed Messages ;
+------------------------------------------+
The suppressed messages can be found in /home/assert/ProcessadorDidatico/output_files/processor.map.smsg.


